

Microchip MPLAB XC8 Assembler V2.10 build 88905656 
                                                                                               Sat Mar 14 00:24:35 2020

Microchip MPLAB XC8 C Compiler v2.10 (Free license) build 20190730164152 Og1 
     1                           	processor	16F887
     2                           	opt	pw 120
     3                           	opt	flic
     4                           	psect	cinit,global,class=CODE,merge=1,delta=2
     5                           	psect	bssCOMMON,global,class=COMMON,space=1,delta=1
     6                           	psect	bssBANK0,global,class=BANK0,space=1,delta=1
     7                           	psect	cstackCOMMON,global,class=COMMON,space=1,delta=1
     8                           	psect	maintext,global,class=CODE,split=1,delta=2
     9                           	psect	text1,local,class=CODE,merge=1,delta=2
    10                           	psect	text2,local,class=CODE,merge=1,delta=2
    11                           	psect	text3,local,class=CODE,merge=1,delta=2
    12                           	psect	text4,local,class=CODE,merge=1,delta=2
    13                           	psect	intentry,global,class=CODE,delta=2
    14                           	dabs	1,0x7E,2
    15  0000                     
    16                           ; Version 2.10
    17                           ; Generated 31/07/2019 GMT
    18                           ; 
    19                           ; Copyright © 2019, Microchip Technology Inc. and its subsidiaries ("Microchip")
    20                           ; All rights reserved.
    21                           ; 
    22                           ; This software is developed by Microchip Technology Inc. and its subsidiaries ("Microch
      +                          ip").
    23                           ; 
    24                           ; Redistribution and use in source and binary forms, with or without modification, are
    25                           ; permitted provided that the following conditions are met:
    26                           ; 
    27                           ;     1. Redistributions of source code must retain the above copyright notice, this lis
      +                          t of
    28                           ;        conditions and the following disclaimer.
    29                           ; 
    30                           ;     2. Redistributions in binary form must reproduce the above copyright notice, this 
      +                          list
    31                           ;        of conditions and the following disclaimer in the documentation and/or other
    32                           ;        materials provided with the distribution.
    33                           ; 
    34                           ;     3. Microchip's name may not be used to endorse or promote products derived from th
      +                          is
    35                           ;        software without specific prior written permission.
    36                           ; 
    37                           ; THIS SOFTWARE IS PROVIDED BY MICROCHIP "AS IS" AND ANY EXPRESS OR IMPLIED WARRANTIES,
    38                           ; INCLUDING, BUT NOT LIMITED TO, THE IMPLIED WARRANTIES OF MERCHANTABILITY AND FITNESS F
      +                          OR
    39                           ; PURPOSE ARE DISCLAIMED.  IN NO EVENT SHALL MICROCHIP BE LIABLE FOR ANY DIRECT, INDIREC
      +                          T,
    40                           ; INCIDENTAL, SPECIAL, EXEMPLARY, OR CONSEQUENTIAL DAMAGES (INCLUDING BUT NOT LIMITED TO
    41                           ; PROCUREMENT OF SUBSTITUTE GOODS OR SERVICES; LOSS OF USE, DATA OR PROFITS; OR BUSINESS
    42                           ; INTERRUPTION) HOWSOEVER CAUSED AND ON ANY THEORY OF LIABILITY, WHETHER IN CONTRACT, ST
      +                          RICT
    43                           ; LIABILITY, OR TORT (INCLUDING NEGLIGENCE OR OTHERWISE) ARISING IN ANY WAY OUT OF THE U
      +                          SE OF
    44                           ; THIS SOFTWARE, EVEN IF ADVISED OF THE POSSIBILITY OF SUCH DAMAGE.
    45                           ; 
    46                           ; 
    47                           ; Code-generator required, PIC16F887 Definitions
    48                           ; 
    49                           ; SFR Addresses
    50  0000                     	;# 
    51  0001                     	;# 
    52  0002                     	;# 
    53  0003                     	;# 
    54  0004                     	;# 
    55  0005                     	;# 
    56  0006                     	;# 
    57  0007                     	;# 
    58  0008                     	;# 
    59  0009                     	;# 
    60  000A                     	;# 
    61  000B                     	;# 
    62  000C                     	;# 
    63  000D                     	;# 
    64  000E                     	;# 
    65  000E                     	;# 
    66  000F                     	;# 
    67  0010                     	;# 
    68  0011                     	;# 
    69  0012                     	;# 
    70  0013                     	;# 
    71  0014                     	;# 
    72  0015                     	;# 
    73  0015                     	;# 
    74  0016                     	;# 
    75  0017                     	;# 
    76  0018                     	;# 
    77  0019                     	;# 
    78  001A                     	;# 
    79  001B                     	;# 
    80  001B                     	;# 
    81  001C                     	;# 
    82  001D                     	;# 
    83  001E                     	;# 
    84  001F                     	;# 
    85  0081                     	;# 
    86  0085                     	;# 
    87  0086                     	;# 
    88  0087                     	;# 
    89  0088                     	;# 
    90  0089                     	;# 
    91  008C                     	;# 
    92  008D                     	;# 
    93  008E                     	;# 
    94  008F                     	;# 
    95  0090                     	;# 
    96  0091                     	;# 
    97  0092                     	;# 
    98  0093                     	;# 
    99  0093                     	;# 
   100  0093                     	;# 
   101  0094                     	;# 
   102  0095                     	;# 
   103  0096                     	;# 
   104  0097                     	;# 
   105  0098                     	;# 
   106  0099                     	;# 
   107  009A                     	;# 
   108  009B                     	;# 
   109  009C                     	;# 
   110  009D                     	;# 
   111  009E                     	;# 
   112  009F                     	;# 
   113  0105                     	;# 
   114  0107                     	;# 
   115  0108                     	;# 
   116  0109                     	;# 
   117  010C                     	;# 
   118  010C                     	;# 
   119  010D                     	;# 
   120  010E                     	;# 
   121  010F                     	;# 
   122  0185                     	;# 
   123  0187                     	;# 
   124  0188                     	;# 
   125  0189                     	;# 
   126  018C                     	;# 
   127  018D                     	;# 
   128  0000                     	;# 
   129  0001                     	;# 
   130  0002                     	;# 
   131  0003                     	;# 
   132  0004                     	;# 
   133  0005                     	;# 
   134  0006                     	;# 
   135  0007                     	;# 
   136  0008                     	;# 
   137  0009                     	;# 
   138  000A                     	;# 
   139  000B                     	;# 
   140  000C                     	;# 
   141  000D                     	;# 
   142  000E                     	;# 
   143  000E                     	;# 
   144  000F                     	;# 
   145  0010                     	;# 
   146  0011                     	;# 
   147  0012                     	;# 
   148  0013                     	;# 
   149  0014                     	;# 
   150  0015                     	;# 
   151  0015                     	;# 
   152  0016                     	;# 
   153  0017                     	;# 
   154  0018                     	;# 
   155  0019                     	;# 
   156  001A                     	;# 
   157  001B                     	;# 
   158  001B                     	;# 
   159  001C                     	;# 
   160  001D                     	;# 
   161  001E                     	;# 
   162  001F                     	;# 
   163  0081                     	;# 
   164  0085                     	;# 
   165  0086                     	;# 
   166  0087                     	;# 
   167  0088                     	;# 
   168  0089                     	;# 
   169  008C                     	;# 
   170  008D                     	;# 
   171  008E                     	;# 
   172  008F                     	;# 
   173  0090                     	;# 
   174  0091                     	;# 
   175  0092                     	;# 
   176  0093                     	;# 
   177  0093                     	;# 
   178  0093                     	;# 
   179  0094                     	;# 
   180  0095                     	;# 
   181  0096                     	;# 
   182  0097                     	;# 
   183  0098                     	;# 
   184  0099                     	;# 
   185  009A                     	;# 
   186  009B                     	;# 
   187  009C                     	;# 
   188  009D                     	;# 
   189  009E                     	;# 
   190  009F                     	;# 
   191  0105                     	;# 
   192  0107                     	;# 
   193  0108                     	;# 
   194  0109                     	;# 
   195  010C                     	;# 
   196  010C                     	;# 
   197  010D                     	;# 
   198  010E                     	;# 
   199  010F                     	;# 
   200  0185                     	;# 
   201  0187                     	;# 
   202  0188                     	;# 
   203  0189                     	;# 
   204  018C                     	;# 
   205  018D                     	;# 
   206  0000                     	;# 
   207  0001                     	;# 
   208  0002                     	;# 
   209  0003                     	;# 
   210  0004                     	;# 
   211  0005                     	;# 
   212  0006                     	;# 
   213  0007                     	;# 
   214  0008                     	;# 
   215  0009                     	;# 
   216  000A                     	;# 
   217  000B                     	;# 
   218  000C                     	;# 
   219  000D                     	;# 
   220  000E                     	;# 
   221  000E                     	;# 
   222  000F                     	;# 
   223  0010                     	;# 
   224  0011                     	;# 
   225  0012                     	;# 
   226  0013                     	;# 
   227  0014                     	;# 
   228  0015                     	;# 
   229  0015                     	;# 
   230  0016                     	;# 
   231  0017                     	;# 
   232  0018                     	;# 
   233  0019                     	;# 
   234  001A                     	;# 
   235  001B                     	;# 
   236  001B                     	;# 
   237  001C                     	;# 
   238  001D                     	;# 
   239  001E                     	;# 
   240  001F                     	;# 
   241  0081                     	;# 
   242  0085                     	;# 
   243  0086                     	;# 
   244  0087                     	;# 
   245  0088                     	;# 
   246  0089                     	;# 
   247  008C                     	;# 
   248  008D                     	;# 
   249  008E                     	;# 
   250  008F                     	;# 
   251  0090                     	;# 
   252  0091                     	;# 
   253  0092                     	;# 
   254  0093                     	;# 
   255  0093                     	;# 
   256  0093                     	;# 
   257  0094                     	;# 
   258  0095                     	;# 
   259  0096                     	;# 
   260  0097                     	;# 
   261  0098                     	;# 
   262  0099                     	;# 
   263  009A                     	;# 
   264  009B                     	;# 
   265  009C                     	;# 
   266  009D                     	;# 
   267  009E                     	;# 
   268  009F                     	;# 
   269  0105                     	;# 
   270  0107                     	;# 
   271  0108                     	;# 
   272  0109                     	;# 
   273  010C                     	;# 
   274  010C                     	;# 
   275  010D                     	;# 
   276  010E                     	;# 
   277  010F                     	;# 
   278  0185                     	;# 
   279  0187                     	;# 
   280  0188                     	;# 
   281  0189                     	;# 
   282  018C                     	;# 
   283  018D                     	;# 
   284  0000                     	;# 
   285  0001                     	;# 
   286  0002                     	;# 
   287  0003                     	;# 
   288  0004                     	;# 
   289  0005                     	;# 
   290  0006                     	;# 
   291  0007                     	;# 
   292  0008                     	;# 
   293  0009                     	;# 
   294  000A                     	;# 
   295  000B                     	;# 
   296  000C                     	;# 
   297  000D                     	;# 
   298  000E                     	;# 
   299  000E                     	;# 
   300  000F                     	;# 
   301  0010                     	;# 
   302  0011                     	;# 
   303  0012                     	;# 
   304  0013                     	;# 
   305  0014                     	;# 
   306  0015                     	;# 
   307  0015                     	;# 
   308  0016                     	;# 
   309  0017                     	;# 
   310  0018                     	;# 
   311  0019                     	;# 
   312  001A                     	;# 
   313  001B                     	;# 
   314  001B                     	;# 
   315  001C                     	;# 
   316  001D                     	;# 
   317  001E                     	;# 
   318  001F                     	;# 
   319  0081                     	;# 
   320  0085                     	;# 
   321  0086                     	;# 
   322  0087                     	;# 
   323  0088                     	;# 
   324  0089                     	;# 
   325  008C                     	;# 
   326  008D                     	;# 
   327  008E                     	;# 
   328  008F                     	;# 
   329  0090                     	;# 
   330  0091                     	;# 
   331  0092                     	;# 
   332  0093                     	;# 
   333  0093                     	;# 
   334  0093                     	;# 
   335  0094                     	;# 
   336  0095                     	;# 
   337  0096                     	;# 
   338  0097                     	;# 
   339  0098                     	;# 
   340  0099                     	;# 
   341  009A                     	;# 
   342  009B                     	;# 
   343  009C                     	;# 
   344  009D                     	;# 
   345  009E                     	;# 
   346  009F                     	;# 
   347  0105                     	;# 
   348  0107                     	;# 
   349  0108                     	;# 
   350  0109                     	;# 
   351  010C                     	;# 
   352  010C                     	;# 
   353  010D                     	;# 
   354  010E                     	;# 
   355  010F                     	;# 
   356  0185                     	;# 
   357  0187                     	;# 
   358  0188                     	;# 
   359  0189                     	;# 
   360  018C                     	;# 
   361  018D                     	;# 
   362  0014                     _SSPCON	set	20
   363  0009                     _PORTEbits	set	9
   364  0006                     _PORTBbits	set	6
   365  0007                     _PORTC	set	7
   366  0006                     _PORTB	set	6
   367  0005                     _PORTA	set	5
   368  0008                     _PORTD	set	8
   369  0013                     _SSPBUF	set	19
   370  0014                     _SSPCONbits	set	20
   371  000C                     _PIR1bits	set	12
   372  0063                     _SSPIF	set	99
   373  005E                     _PEIE	set	94
   374  005F                     _GIE	set	95
   375  0091                     _SSPCON2bits	set	145
   376  0087                     _TRISCbits	set	135
   377  0094                     _SSPSTAT	set	148
   378  0093                     _SSPADD	set	147
   379  0091                     _SSPCON2	set	145
   380  008F                     _OSCCONbits	set	143
   381  0089                     _TRISE	set	137
   382  0088                     _TRISD	set	136
   383  0087                     _TRISC	set	135
   384  0086                     _TRISB	set	134
   385  0085                     _TRISA	set	133
   386  0094                     _SSPSTATbits	set	148
   387  0463                     _SSPIE	set	1123
   388  043C                     _TRISC4	set	1084
   389  043B                     _TRISC3	set	1083
   390  04A0                     _BF	set	1184
   391  0189                     _ANSELH	set	393
   392  0188                     _ANSEL	set	392
   393                           
   394                           ; #config settings
   395  0000                     
   396                           	psect	cinit
   397  000F                     start_initialization:	
   398  000F                     __initialization:	
   399                           
   400                           ; Clear objects allocated to COMMON
   401  000F  01F8               	clrf	__pbssCOMMON& (0+127)
   402  0010  01F9               	clrf	(__pbssCOMMON+1)& (0+127)
   403  0011  01FA               	clrf	(__pbssCOMMON+2)& (0+127)
   404  0012  01FB               	clrf	(__pbssCOMMON+3)& (0+127)
   405  0013  01FC               	clrf	(__pbssCOMMON+4)& (0+127)
   406                           
   407                           ; Clear objects allocated to BANK0
   408  0014  1283               	bcf	3,5	;RP0=0, select bank0
   409  0015  1303               	bcf	3,6	;RP1=0, select bank0
   410  0016  01A0               	clrf	__pbssBANK0& (0+127)
   411  0017  01A1               	clrf	(__pbssBANK0+1)& (0+127)
   412  0018                     end_of_initialization:	
   413                           ;End of C runtime variable initialization code
   414                           
   415  0018                     __end_of__initialization:	
   416  0018  0183               	clrf	3
   417  0019  120A  118A  281C   	ljmp	_main	;jump to C main() function
   418                           
   419                           	psect	bssCOMMON
   420  0078                     __pbssCOMMON:	
   421  0078                     _j:	
   422  0078                     	ds	1
   423  0079                     _k:	
   424  0079                     	ds	1
   425  007A                     _sensor_signal:	
   426  007A                     	ds	1
   427  007B                     _estado:	
   428  007B                     	ds	1
   429  007C                     _z:	
   430  007C                     	ds	1
   431                           
   432                           	psect	bssBANK0
   433  0020                     __pbssBANK0:	
   434  0020                     _move_servo:	
   435  0020                     	ds	2
   436                           
   437                           	psect	cstackCOMMON
   438  0070                     __pcstackCOMMON:	
   439  0070                     ?_initOsc:	
   440  0070                     ?_init:	
   441                           ; 1 bytes @ 0x0
   442                           
   443  0070                     ?_I2C_Slave_Init:	
   444                           ; 1 bytes @ 0x0
   445                           
   446  0070                     ?_isr:	
   447                           ; 1 bytes @ 0x0
   448                           
   449  0070                     ??_isr:	
   450                           ; 1 bytes @ 0x0
   451                           
   452  0070                     ?_main:	
   453                           ; 1 bytes @ 0x0
   454                           
   455                           
   456                           ; 1 bytes @ 0x0
   457  0070                     	ds	3
   458  0073                     ??_initOsc:	
   459  0073                     ??_I2C_Slave_Init:	
   460                           ; 1 bytes @ 0x3
   461                           
   462  0073                     I2C_Slave_Init@address:	
   463                           ; 1 bytes @ 0x3
   464                           
   465                           
   466                           ; 1 bytes @ 0x3
   467  0073                     	ds	1
   468  0074                     ??_init:	
   469                           
   470                           ; 1 bytes @ 0x4
   471  0074                     	ds	1
   472  0075                     initOsc@frec:	
   473                           
   474                           ; 1 bytes @ 0x5
   475  0075                     	ds	1
   476  0076                     ??_main:	
   477                           
   478                           ; 1 bytes @ 0x6
   479  0076                     	ds	2
   480                           
   481                           	psect	maintext
   482  001C                     __pmaintext:	
   483 ;;
   484 ;;Main: autosize = 0, tempsize = 2, incstack = 0, save=0
   485 ;;
   486 ;; *************** function _main *****************
   487 ;; Defined at:
   488 ;;		line 91 in file "Stepper_Motor.c"
   489 ;; Parameters:    Size  Location     Type
   490 ;;		None
   491 ;; Auto vars:     Size  Location     Type
   492 ;;		None
   493 ;; Return value:  Size  Location     Type
   494 ;;                  1    wreg      void 
   495 ;; Registers used:
   496 ;;		wreg, fsr0l, fsr0h, status,2, status,0, pclath, cstack
   497 ;; Tracked objects:
   498 ;;		On entry : B00/0
   499 ;;		On exit  : 0/0
   500 ;;		Unchanged: 0/0
   501 ;; Data sizes:     COMMON   BANK0   BANK1   BANK3   BANK2
   502 ;;      Params:         0       0       0       0       0
   503 ;;      Locals:         0       0       0       0       0
   504 ;;      Temps:          2       0       0       0       0
   505 ;;      Totals:         2       0       0       0       0
   506 ;;Total ram usage:        2 bytes
   507 ;; Hardware stack levels required when called:    3
   508 ;; This function calls:
   509 ;;		_init
   510 ;;		_initOsc
   511 ;; This function is called by:
   512 ;;		Startup code after reset
   513 ;; This function uses a non-reentrant model
   514 ;;
   515                           
   516                           
   517                           ;psect for function _main
   518  001C                     _main:	
   519  001C                     l826:	
   520                           ;incstack = 0
   521                           ; Regs used in _main: [wreg-fsr0h+status,2+status,0+pclath+cstack]
   522                           
   523                           
   524                           ;Stepper_Motor.c: 92:     initOsc(7);
   525  001C  3007               	movlw	7
   526  001D  120A  118A  2174  120A  118A  	fcall	_initOsc
   527  0022                     l828:	
   528                           
   529                           ;Stepper_Motor.c: 93:     init();
   530  0022  120A  118A  21EA  120A  118A  	fcall	_init
   531  0027                     l830:	
   532                           
   533                           ;Stepper_Motor.c: 95:     PORTA = 0x00;
   534  0027  1283               	bcf	3,5	;RP0=0, select bank0
   535  0028  1303               	bcf	3,6	;RP1=0, select bank0
   536  0029  0185               	clrf	5	;volatile
   537  002A                     l832:	
   538                           
   539                           ;Stepper_Motor.c: 96:     PORTB = 0x00;
   540  002A  0186               	clrf	6	;volatile
   541  002B                     l834:	
   542                           
   543                           ;Stepper_Motor.c: 97:     PORTC = 0x00;
   544  002B  0187               	clrf	7	;volatile
   545  002C                     l836:	
   546                           
   547                           ;Stepper_Motor.c: 98:     PORTD = 0x00;
   548  002C  0188               	clrf	8	;volatile
   549  002D                     l838:	
   550                           
   551                           ;Stepper_Motor.c: 100:         if(PORTD == 1){
   552  002D  1283               	bcf	3,5	;RP0=0, select bank0
   553  002E  1303               	bcf	3,6	;RP1=0, select bank0
   554  002F  0308               	decf	8,w	;volatile
   555  0030  1D03               	btfss	3,2
   556  0031  2833               	goto	u121
   557  0032  2834               	goto	u120
   558  0033                     u121:	
   559  0033  290C               	goto	l80
   560  0034                     u120:	
   561  0034                     l840:	
   562                           
   563                           ;Stepper_Motor.c: 101:             PORTBbits.RB0 = 1;
   564  0034  1406               	bsf	6,0	;volatile
   565                           
   566                           ;Stepper_Motor.c: 102:             if(PORTEbits.RE1 == 1){
   567  0035  1C89               	btfss	9,1	;volatile
   568  0036  2838               	goto	u131
   569  0037  2839               	goto	u130
   570  0038                     u131:	
   571  0038  2892               	goto	l81
   572  0039                     u130:	
   573  0039                     l842:	
   574                           
   575                           ;Stepper_Motor.c: 103:                 for(k=0;k<250;k++){
   576  0039  01F9               	clrf	_k
   577  003A                     l848:	
   578                           
   579                           ;Stepper_Motor.c: 104:                     PORTA = 0b00000001;
   580  003A  3001               	movlw	1
   581  003B  1283               	bcf	3,5	;RP0=0, select bank0
   582  003C  1303               	bcf	3,6	;RP1=0, select bank0
   583  003D  0085               	movwf	5	;volatile
   584                           
   585                           ;Stepper_Motor.c: 105:                     _delay((unsigned long)((3)*(8000000/4000.0)))
      +                          ;
   586  003E  3008               	movlw	8
   587  003F  00F7               	movwf	??_main+1
   588  0040  30C9               	movlw	201
   589  0041  00F6               	movwf	??_main
   590  0042                     u207:	
   591  0042  0BF6               	decfsz	??_main,f
   592  0043  2842               	goto	u207
   593  0044  0BF7               	decfsz	??_main+1,f
   594  0045  2842               	goto	u207
   595  0046  2847               	nop2
   596                           
   597                           ;Stepper_Motor.c: 106:                     PORTA = 0b00000011;
   598  0047  3003               	movlw	3
   599  0048  1283               	bcf	3,5	;RP0=0, select bank0
   600  0049  1303               	bcf	3,6	;RP1=0, select bank0
   601  004A  0085               	movwf	5	;volatile
   602                           
   603                           ;Stepper_Motor.c: 107:                     _delay((unsigned long)((3)*(8000000/4000.0)))
      +                          ;
   604  004B  3008               	movlw	8
   605  004C  00F7               	movwf	??_main+1
   606  004D  30C9               	movlw	201
   607  004E  00F6               	movwf	??_main
   608  004F                     u217:	
   609  004F  0BF6               	decfsz	??_main,f
   610  0050  284F               	goto	u217
   611  0051  0BF7               	decfsz	??_main+1,f
   612  0052  284F               	goto	u217
   613  0053  2854               	nop2
   614                           
   615                           ;Stepper_Motor.c: 108:                     PORTA = 0b00000010;
   616  0054  3002               	movlw	2
   617  0055  1283               	bcf	3,5	;RP0=0, select bank0
   618  0056  1303               	bcf	3,6	;RP1=0, select bank0
   619  0057  0085               	movwf	5	;volatile
   620                           
   621                           ;Stepper_Motor.c: 109:                     _delay((unsigned long)((3)*(8000000/4000.0)))
      +                          ;
   622  0058  3008               	movlw	8
   623  0059  00F7               	movwf	??_main+1
   624  005A  30C9               	movlw	201
   625  005B  00F6               	movwf	??_main
   626  005C                     u227:	
   627  005C  0BF6               	decfsz	??_main,f
   628  005D  285C               	goto	u227
   629  005E  0BF7               	decfsz	??_main+1,f
   630  005F  285C               	goto	u227
   631  0060  2861               	nop2
   632                           
   633                           ;Stepper_Motor.c: 110:                     PORTA = 0b00000110;
   634  0061  3006               	movlw	6
   635  0062  1283               	bcf	3,5	;RP0=0, select bank0
   636  0063  1303               	bcf	3,6	;RP1=0, select bank0
   637  0064  0085               	movwf	5	;volatile
   638                           
   639                           ;Stepper_Motor.c: 111:                     _delay((unsigned long)((3)*(8000000/4000.0)))
      +                          ;
   640  0065  3008               	movlw	8
   641  0066  00F7               	movwf	??_main+1
   642  0067  30C9               	movlw	201
   643  0068  00F6               	movwf	??_main
   644  0069                     u237:	
   645  0069  0BF6               	decfsz	??_main,f
   646  006A  2869               	goto	u237
   647  006B  0BF7               	decfsz	??_main+1,f
   648  006C  2869               	goto	u237
   649  006D  286E               	nop2
   650                           
   651                           ;Stepper_Motor.c: 112:                     PORTA = 0b00001000;
   652  006E  3008               	movlw	8
   653  006F  1283               	bcf	3,5	;RP0=0, select bank0
   654  0070  1303               	bcf	3,6	;RP1=0, select bank0
   655  0071  0085               	movwf	5	;volatile
   656                           
   657                           ;Stepper_Motor.c: 113:                     _delay((unsigned long)((3)*(8000000/4000.0)))
      +                          ;
   658  0072  3008               	movlw	8
   659  0073  00F7               	movwf	??_main+1
   660  0074  30C9               	movlw	201
   661  0075  00F6               	movwf	??_main
   662  0076                     u247:	
   663  0076  0BF6               	decfsz	??_main,f
   664  0077  2876               	goto	u247
   665  0078  0BF7               	decfsz	??_main+1,f
   666  0079  2876               	goto	u247
   667  007A  287B               	nop2
   668                           
   669                           ;Stepper_Motor.c: 114:                     PORTA = 0B00001001;
   670  007B  3009               	movlw	9
   671  007C  1283               	bcf	3,5	;RP0=0, select bank0
   672  007D  1303               	bcf	3,6	;RP1=0, select bank0
   673  007E  0085               	movwf	5	;volatile
   674                           
   675                           ;Stepper_Motor.c: 115:                     _delay((unsigned long)((3)*(8000000/4000.0)))
      +                          ;
   676  007F  3008               	movlw	8
   677  0080  00F7               	movwf	??_main+1
   678  0081  30C9               	movlw	201
   679  0082  00F6               	movwf	??_main
   680  0083                     u257:	
   681  0083  0BF6               	decfsz	??_main,f
   682  0084  2883               	goto	u257
   683  0085  0BF7               	decfsz	??_main+1,f
   684  0086  2883               	goto	u257
   685  0087  2888               	nop2
   686  0088                     l850:	
   687                           
   688                           ;Stepper_Motor.c: 116:                 }
   689  0088  3001               	movlw	1
   690  0089  00F6               	movwf	??_main
   691  008A  0876               	movf	??_main,w
   692  008B  07F9               	addwf	_k,f
   693  008C                     l852:	
   694  008C  30FA               	movlw	250
   695  008D  0279               	subwf	_k,w
   696  008E  1C03               	skipc
   697  008F  2891               	goto	u141
   698  0090  2892               	goto	u140
   699  0091                     u141:	
   700  0091  283A               	goto	l848
   701  0092                     u140:	
   702  0092                     l81:	
   703                           ;Stepper_Motor.c: 117:             }
   704                           
   705                           
   706                           ;Stepper_Motor.c: 118:             if(PORTEbits.RE2 == 1){
   707  0092  1283               	bcf	3,5	;RP0=0, select bank0
   708  0093  1303               	bcf	3,6	;RP1=0, select bank0
   709  0094  1D09               	btfss	9,2	;volatile
   710  0095  2897               	goto	u151
   711  0096  2898               	goto	u150
   712  0097                     u151:	
   713  0097  282D               	goto	l838
   714  0098                     u150:	
   715  0098                     l854:	
   716                           
   717                           ;Stepper_Motor.c: 119:                 for(j=0;j<250;j++){
   718  0098  01F8               	clrf	_j
   719  0099                     l860:	
   720                           
   721                           ;Stepper_Motor.c: 120:                     PORTA=0b00001001;
   722  0099  3009               	movlw	9
   723  009A  1283               	bcf	3,5	;RP0=0, select bank0
   724  009B  1303               	bcf	3,6	;RP1=0, select bank0
   725  009C  0085               	movwf	5	;volatile
   726                           
   727                           ;Stepper_Motor.c: 121:                     _delay((unsigned long)((3)*(8000000/4000.0)))
      +                          ;
   728  009D  3008               	movlw	8
   729  009E  00F7               	movwf	??_main+1
   730  009F  30C9               	movlw	201
   731  00A0  00F6               	movwf	??_main
   732  00A1                     u267:	
   733  00A1  0BF6               	decfsz	??_main,f
   734  00A2  28A1               	goto	u267
   735  00A3  0BF7               	decfsz	??_main+1,f
   736  00A4  28A1               	goto	u267
   737  00A5  28A6               	nop2
   738                           
   739                           ;Stepper_Motor.c: 122:                     PORTA=0b00001000;
   740  00A6  3008               	movlw	8
   741  00A7  1283               	bcf	3,5	;RP0=0, select bank0
   742  00A8  1303               	bcf	3,6	;RP1=0, select bank0
   743  00A9  0085               	movwf	5	;volatile
   744                           
   745                           ;Stepper_Motor.c: 123:                     _delay((unsigned long)((3)*(8000000/4000.0)))
      +                          ;
   746  00AA  3008               	movlw	8
   747  00AB  00F7               	movwf	??_main+1
   748  00AC  30C9               	movlw	201
   749  00AD  00F6               	movwf	??_main
   750  00AE                     u277:	
   751  00AE  0BF6               	decfsz	??_main,f
   752  00AF  28AE               	goto	u277
   753  00B0  0BF7               	decfsz	??_main+1,f
   754  00B1  28AE               	goto	u277
   755  00B2  28B3               	nop2
   756                           
   757                           ;Stepper_Motor.c: 124:                     PORTA=0b00001100;
   758  00B3  300C               	movlw	12
   759  00B4  1283               	bcf	3,5	;RP0=0, select bank0
   760  00B5  1303               	bcf	3,6	;RP1=0, select bank0
   761  00B6  0085               	movwf	5	;volatile
   762                           
   763                           ;Stepper_Motor.c: 125:                     _delay((unsigned long)((3)*(8000000/4000.0)))
      +                          ;
   764  00B7  3008               	movlw	8
   765  00B8  00F7               	movwf	??_main+1
   766  00B9  30C9               	movlw	201
   767  00BA  00F6               	movwf	??_main
   768  00BB                     u287:	
   769  00BB  0BF6               	decfsz	??_main,f
   770  00BC  28BB               	goto	u287
   771  00BD  0BF7               	decfsz	??_main+1,f
   772  00BE  28BB               	goto	u287
   773  00BF  28C0               	nop2
   774                           
   775                           ;Stepper_Motor.c: 126:                     PORTA=0b00000100;
   776  00C0  3004               	movlw	4
   777  00C1  1283               	bcf	3,5	;RP0=0, select bank0
   778  00C2  1303               	bcf	3,6	;RP1=0, select bank0
   779  00C3  0085               	movwf	5	;volatile
   780                           
   781                           ;Stepper_Motor.c: 127:                     _delay((unsigned long)((3)*(8000000/4000.0)))
      +                          ;
   782  00C4  3008               	movlw	8
   783  00C5  00F7               	movwf	??_main+1
   784  00C6  30C9               	movlw	201
   785  00C7  00F6               	movwf	??_main
   786  00C8                     u297:	
   787  00C8  0BF6               	decfsz	??_main,f
   788  00C9  28C8               	goto	u297
   789  00CA  0BF7               	decfsz	??_main+1,f
   790  00CB  28C8               	goto	u297
   791  00CC  28CD               	nop2
   792                           
   793                           ;Stepper_Motor.c: 128:                     PORTA=0b00000110;
   794  00CD  3006               	movlw	6
   795  00CE  1283               	bcf	3,5	;RP0=0, select bank0
   796  00CF  1303               	bcf	3,6	;RP1=0, select bank0
   797  00D0  0085               	movwf	5	;volatile
   798                           
   799                           ;Stepper_Motor.c: 129:                     _delay((unsigned long)((3)*(8000000/4000.0)))
      +                          ;
   800  00D1  3008               	movlw	8
   801  00D2  00F7               	movwf	??_main+1
   802  00D3  30C9               	movlw	201
   803  00D4  00F6               	movwf	??_main
   804  00D5                     u307:	
   805  00D5  0BF6               	decfsz	??_main,f
   806  00D6  28D5               	goto	u307
   807  00D7  0BF7               	decfsz	??_main+1,f
   808  00D8  28D5               	goto	u307
   809  00D9  28DA               	nop2
   810                           
   811                           ;Stepper_Motor.c: 130:                     PORTA=0b00000010;
   812  00DA  3002               	movlw	2
   813  00DB  1283               	bcf	3,5	;RP0=0, select bank0
   814  00DC  1303               	bcf	3,6	;RP1=0, select bank0
   815  00DD  0085               	movwf	5	;volatile
   816                           
   817                           ;Stepper_Motor.c: 131:                     _delay((unsigned long)((3)*(8000000/4000.0)))
      +                          ;
   818  00DE  3008               	movlw	8
   819  00DF  00F7               	movwf	??_main+1
   820  00E0  30C9               	movlw	201
   821  00E1  00F6               	movwf	??_main
   822  00E2                     u317:	
   823  00E2  0BF6               	decfsz	??_main,f
   824  00E3  28E2               	goto	u317
   825  00E4  0BF7               	decfsz	??_main+1,f
   826  00E5  28E2               	goto	u317
   827  00E6  28E7               	nop2
   828                           
   829                           ;Stepper_Motor.c: 132:                     PORTA=0b00000011;
   830  00E7  3003               	movlw	3
   831  00E8  1283               	bcf	3,5	;RP0=0, select bank0
   832  00E9  1303               	bcf	3,6	;RP1=0, select bank0
   833  00EA  0085               	movwf	5	;volatile
   834                           
   835                           ;Stepper_Motor.c: 133:                     _delay((unsigned long)((3)*(8000000/4000.0)))
      +                          ;
   836  00EB  3008               	movlw	8
   837  00EC  00F7               	movwf	??_main+1
   838  00ED  30C9               	movlw	201
   839  00EE  00F6               	movwf	??_main
   840  00EF                     u327:	
   841  00EF  0BF6               	decfsz	??_main,f
   842  00F0  28EF               	goto	u327
   843  00F1  0BF7               	decfsz	??_main+1,f
   844  00F2  28EF               	goto	u327
   845  00F3  28F4               	nop2
   846                           
   847                           ;Stepper_Motor.c: 134:                     PORTA=0b00000001;
   848  00F4  3001               	movlw	1
   849  00F5  1283               	bcf	3,5	;RP0=0, select bank0
   850  00F6  1303               	bcf	3,6	;RP1=0, select bank0
   851  00F7  0085               	movwf	5	;volatile
   852                           
   853                           ;Stepper_Motor.c: 135:                     _delay((unsigned long)((3)*(8000000/4000.0)))
      +                          ;
   854  00F8  3008               	movlw	8
   855  00F9  00F7               	movwf	??_main+1
   856  00FA  30C9               	movlw	201
   857  00FB  00F6               	movwf	??_main
   858  00FC                     u337:	
   859  00FC  0BF6               	decfsz	??_main,f
   860  00FD  28FC               	goto	u337
   861  00FE  0BF7               	decfsz	??_main+1,f
   862  00FF  28FC               	goto	u337
   863  0100  2901               	nop2
   864  0101                     l862:	
   865                           
   866                           ;Stepper_Motor.c: 136:                 }
   867  0101  3001               	movlw	1
   868  0102  00F6               	movwf	??_main
   869  0103  0876               	movf	??_main,w
   870  0104  07F8               	addwf	_j,f
   871  0105                     l864:	
   872  0105  30FA               	movlw	250
   873  0106  0278               	subwf	_j,w
   874  0107  1C03               	skipc
   875  0108  290A               	goto	u161
   876  0109  290B               	goto	u160
   877  010A                     u161:	
   878  010A  2899               	goto	l860
   879  010B                     u160:	
   880  010B  282D               	goto	l838
   881  010C                     l80:	
   882                           
   883                           ;Stepper_Motor.c: 139:            PORTBbits.RB1 = 1;
   884  010C  1486               	bsf	6,1	;volatile
   885  010D  282D               	goto	l838
   886  010E  120A  118A  280C   	ljmp	start
   887  0111                     __end_of_main:	
   888                           
   889                           	psect	text1
   890  0174                     __ptext1:	
   891 ;; *************** function _initOsc *****************
   892 ;; Defined at:
   893 ;;		line 8 in file "Oscilador.c"
   894 ;; Parameters:    Size  Location     Type
   895 ;;  frec            1    wreg     unsigned char 
   896 ;; Auto vars:     Size  Location     Type
   897 ;;  frec            1    5[COMMON] unsigned char 
   898 ;; Return value:  Size  Location     Type
   899 ;;                  1    wreg      void 
   900 ;; Registers used:
   901 ;;		wreg, fsr0l, fsr0h, status,2, status,0
   902 ;; Tracked objects:
   903 ;;		On entry : 0/0
   904 ;;		On exit  : 0/0
   905 ;;		Unchanged: 0/0
   906 ;; Data sizes:     COMMON   BANK0   BANK1   BANK3   BANK2
   907 ;;      Params:         0       0       0       0       0
   908 ;;      Locals:         1       0       0       0       0
   909 ;;      Temps:          2       0       0       0       0
   910 ;;      Totals:         3       0       0       0       0
   911 ;;Total ram usage:        3 bytes
   912 ;; Hardware stack levels used:    1
   913 ;; Hardware stack levels required when called:    1
   914 ;; This function calls:
   915 ;;		Nothing
   916 ;; This function is called by:
   917 ;;		_main
   918 ;; This function uses a non-reentrant model
   919 ;;
   920                           
   921                           
   922                           ;psect for function _initOsc
   923  0174                     _initOsc:	
   924                           
   925                           ;incstack = 0
   926                           ; Regs used in _initOsc: [wreg-fsr0h+status,2+status,0]
   927                           ;initOsc@frec stored from wreg
   928  0174  00F5               	movwf	initOsc@frec
   929  0175                     l768:	
   930                           
   931                           ;Oscilador.c: 9:     switch(frec){
   932  0175  29AC               	goto	l772
   933  0176                     l99:	
   934                           ;Oscilador.c: 10:         case 0:
   935                           
   936                           
   937                           ;Oscilador.c: 11:             OSCCONbits.IRCF0 = 0;
   938  0176  1683               	bsf	3,5	;RP0=1, select bank1
   939  0177  1303               	bcf	3,6	;RP1=0, select bank1
   940  0178  120F               	bcf	15,4	;volatile
   941                           
   942                           ;Oscilador.c: 12:             OSCCONbits.IRCF1 = 0;
   943  0179  128F               	bcf	15,5	;volatile
   944                           
   945                           ;Oscilador.c: 13:             OSCCONbits.IRCF2 = 0;
   946  017A  130F               	bcf	15,6	;volatile
   947                           
   948                           ;Oscilador.c: 14:             break;
   949  017B  29CE               	goto	l100
   950  017C                     l101:	
   951                           ;Oscilador.c: 15:         case 1:
   952                           
   953                           
   954                           ;Oscilador.c: 16:             OSCCONbits.IRCF0 = 1;
   955  017C  1683               	bsf	3,5	;RP0=1, select bank1
   956  017D  1303               	bcf	3,6	;RP1=0, select bank1
   957  017E  160F               	bsf	15,4	;volatile
   958                           
   959                           ;Oscilador.c: 17:             OSCCONbits.IRCF1 = 0;
   960  017F  128F               	bcf	15,5	;volatile
   961                           
   962                           ;Oscilador.c: 18:             OSCCONbits.IRCF2 = 0;
   963  0180  130F               	bcf	15,6	;volatile
   964                           
   965                           ;Oscilador.c: 19:             break;
   966  0181  29CE               	goto	l100
   967  0182                     l102:	
   968                           ;Oscilador.c: 20:         case 2:
   969                           
   970                           
   971                           ;Oscilador.c: 21:             OSCCONbits.IRCF0 = 0;
   972  0182  1683               	bsf	3,5	;RP0=1, select bank1
   973  0183  1303               	bcf	3,6	;RP1=0, select bank1
   974  0184  120F               	bcf	15,4	;volatile
   975                           
   976                           ;Oscilador.c: 22:             OSCCONbits.IRCF1 = 1;
   977  0185  168F               	bsf	15,5	;volatile
   978                           
   979                           ;Oscilador.c: 23:             OSCCONbits.IRCF2 = 0;
   980  0186  130F               	bcf	15,6	;volatile
   981                           
   982                           ;Oscilador.c: 24:             break;
   983  0187  29CE               	goto	l100
   984  0188                     l103:	
   985                           ;Oscilador.c: 25:         case 3:
   986                           
   987                           
   988                           ;Oscilador.c: 26:             OSCCONbits.IRCF0 = 1;
   989  0188  1683               	bsf	3,5	;RP0=1, select bank1
   990  0189  1303               	bcf	3,6	;RP1=0, select bank1
   991  018A  160F               	bsf	15,4	;volatile
   992                           
   993                           ;Oscilador.c: 27:             OSCCONbits.IRCF1 = 1;
   994  018B  168F               	bsf	15,5	;volatile
   995                           
   996                           ;Oscilador.c: 28:             OSCCONbits.IRCF2 = 0;
   997  018C  130F               	bcf	15,6	;volatile
   998                           
   999                           ;Oscilador.c: 29:             break;
  1000  018D  29CE               	goto	l100
  1001  018E                     l104:	
  1002                           ;Oscilador.c: 30:         case 4:
  1003                           
  1004                           
  1005                           ;Oscilador.c: 31:             OSCCONbits.IRCF0 = 0;
  1006  018E  1683               	bsf	3,5	;RP0=1, select bank1
  1007  018F  1303               	bcf	3,6	;RP1=0, select bank1
  1008  0190  120F               	bcf	15,4	;volatile
  1009                           
  1010                           ;Oscilador.c: 32:             OSCCONbits.IRCF1 = 0;
  1011  0191  128F               	bcf	15,5	;volatile
  1012                           
  1013                           ;Oscilador.c: 33:             OSCCONbits.IRCF2 = 1;
  1014  0192  170F               	bsf	15,6	;volatile
  1015                           
  1016                           ;Oscilador.c: 34:             break;
  1017  0193  29CE               	goto	l100
  1018  0194                     l105:	
  1019                           ;Oscilador.c: 35:         case 5:
  1020                           
  1021                           
  1022                           ;Oscilador.c: 36:             OSCCONbits.IRCF0 = 1;
  1023  0194  1683               	bsf	3,5	;RP0=1, select bank1
  1024  0195  1303               	bcf	3,6	;RP1=0, select bank1
  1025  0196  160F               	bsf	15,4	;volatile
  1026                           
  1027                           ;Oscilador.c: 37:             OSCCONbits.IRCF1 = 0;
  1028  0197  128F               	bcf	15,5	;volatile
  1029                           
  1030                           ;Oscilador.c: 38:             OSCCONbits.IRCF2 = 1;
  1031  0198  170F               	bsf	15,6	;volatile
  1032                           
  1033                           ;Oscilador.c: 39:             break;
  1034  0199  29CE               	goto	l100
  1035  019A                     l106:	
  1036                           ;Oscilador.c: 40:         case 6:
  1037                           
  1038                           
  1039                           ;Oscilador.c: 41:             OSCCONbits.IRCF0 = 0;
  1040  019A  1683               	bsf	3,5	;RP0=1, select bank1
  1041  019B  1303               	bcf	3,6	;RP1=0, select bank1
  1042  019C  120F               	bcf	15,4	;volatile
  1043                           
  1044                           ;Oscilador.c: 42:             OSCCONbits.IRCF1 = 1;
  1045  019D  168F               	bsf	15,5	;volatile
  1046                           
  1047                           ;Oscilador.c: 43:             OSCCONbits.IRCF2 = 1;
  1048  019E  170F               	bsf	15,6	;volatile
  1049                           
  1050                           ;Oscilador.c: 44:             break;
  1051  019F  29CE               	goto	l100
  1052  01A0                     l107:	
  1053                           ;Oscilador.c: 45:         case 7:
  1054                           
  1055                           
  1056                           ;Oscilador.c: 46:             OSCCONbits.IRCF0 = 1;
  1057  01A0  1683               	bsf	3,5	;RP0=1, select bank1
  1058  01A1  1303               	bcf	3,6	;RP1=0, select bank1
  1059  01A2  160F               	bsf	15,4	;volatile
  1060                           
  1061                           ;Oscilador.c: 47:             OSCCONbits.IRCF1 = 1;
  1062  01A3  168F               	bsf	15,5	;volatile
  1063                           
  1064                           ;Oscilador.c: 48:             OSCCONbits.IRCF2 = 1;
  1065  01A4  170F               	bsf	15,6	;volatile
  1066                           
  1067                           ;Oscilador.c: 49:             break;
  1068  01A5  29CE               	goto	l100
  1069  01A6                     l108:	
  1070                           ;Oscilador.c: 50:         default:
  1071                           
  1072                           
  1073                           ;Oscilador.c: 51:             OSCCONbits.IRCF0 = 0;
  1074  01A6  1683               	bsf	3,5	;RP0=1, select bank1
  1075  01A7  1303               	bcf	3,6	;RP1=0, select bank1
  1076  01A8  120F               	bcf	15,4	;volatile
  1077                           
  1078                           ;Oscilador.c: 52:             OSCCONbits.IRCF1 = 1;
  1079  01A9  168F               	bsf	15,5	;volatile
  1080                           
  1081                           ;Oscilador.c: 53:             OSCCONbits.IRCF2 = 1;
  1082  01AA  170F               	bsf	15,6	;volatile
  1083                           
  1084                           ;Oscilador.c: 54:             break;
  1085  01AB  29CE               	goto	l100
  1086  01AC                     l772:	
  1087  01AC  0875               	movf	initOsc@frec,w
  1088  01AD  00F3               	movwf	??_initOsc
  1089  01AE  01F4               	clrf	??_initOsc+1
  1090                           
  1091                           ; Switch on 2 bytes has been partitioned into a top level switch of size 1, and 1 sub-sw
      +                          itches
  1092                           ; Switch size 1, requested type "simple"
  1093                           ; Number of cases is 1, Range of values is 0 to 0
  1094                           ; switch strategies available:
  1095                           ; Name         Instructions Cycles
  1096                           ; simple_byte            4     3 (average)
  1097                           ; direct_byte           11     8 (fixed)
  1098                           ; jumptable            260     6 (fixed)
  1099                           ;	Chosen strategy is simple_byte
  1100  01AF  0874               	movf	??_initOsc+1,w
  1101  01B0  3A00               	xorlw	0	; case 0
  1102  01B1  1903               	skipnz
  1103  01B2  29B4               	goto	l928
  1104  01B3  29A6               	goto	l108
  1105  01B4                     l928:	
  1106                           
  1107                           ; Switch size 1, requested type "simple"
  1108                           ; Number of cases is 8, Range of values is 0 to 7
  1109                           ; switch strategies available:
  1110                           ; Name         Instructions Cycles
  1111                           ; simple_byte           25    13 (average)
  1112                           ; direct_byte           32     8 (fixed)
  1113                           ; jumptable            260     6 (fixed)
  1114                           ;	Chosen strategy is simple_byte
  1115  01B4  0873               	movf	??_initOsc,w
  1116  01B5  3A00               	xorlw	0	; case 0
  1117  01B6  1903               	skipnz
  1118  01B7  2976               	goto	l99
  1119  01B8  3A01               	xorlw	1	; case 1
  1120  01B9  1903               	skipnz
  1121  01BA  297C               	goto	l101
  1122  01BB  3A03               	xorlw	3	; case 2
  1123  01BC  1903               	skipnz
  1124  01BD  2982               	goto	l102
  1125  01BE  3A01               	xorlw	1	; case 3
  1126  01BF  1903               	skipnz
  1127  01C0  2988               	goto	l103
  1128  01C1  3A07               	xorlw	7	; case 4
  1129  01C2  1903               	skipnz
  1130  01C3  298E               	goto	l104
  1131  01C4  3A01               	xorlw	1	; case 5
  1132  01C5  1903               	skipnz
  1133  01C6  2994               	goto	l105
  1134  01C7  3A03               	xorlw	3	; case 6
  1135  01C8  1903               	skipnz
  1136  01C9  299A               	goto	l106
  1137  01CA  3A01               	xorlw	1	; case 7
  1138  01CB  1903               	skipnz
  1139  01CC  29A0               	goto	l107
  1140  01CD  29A6               	goto	l108
  1141  01CE                     l100:	
  1142                           
  1143                           ;Oscilador.c: 57:     OSCCONbits.SCS = 1;
  1144  01CE  140F               	bsf	15,0	;volatile
  1145  01CF                     l109:	
  1146  01CF  0008               	return
  1147  01D0                     __end_of_initOsc:	
  1148                           
  1149                           	psect	text2
  1150  01EA                     __ptext2:	
  1151 ;; *************** function _init *****************
  1152 ;; Defined at:
  1153 ;;		line 147 in file "Stepper_Motor.c"
  1154 ;; Parameters:    Size  Location     Type
  1155 ;;		None
  1156 ;; Auto vars:     Size  Location     Type
  1157 ;;		None
  1158 ;; Return value:  Size  Location     Type
  1159 ;;                  1    wreg      void 
  1160 ;; Registers used:
  1161 ;;		wreg, status,2, status,0, pclath, cstack
  1162 ;; Tracked objects:
  1163 ;;		On entry : 0/0
  1164 ;;		On exit  : 0/0
  1165 ;;		Unchanged: 0/0
  1166 ;; Data sizes:     COMMON   BANK0   BANK1   BANK3   BANK2
  1167 ;;      Params:         0       0       0       0       0
  1168 ;;      Locals:         0       0       0       0       0
  1169 ;;      Temps:          0       0       0       0       0
  1170 ;;      Totals:         0       0       0       0       0
  1171 ;;Total ram usage:        0 bytes
  1172 ;; Hardware stack levels used:    1
  1173 ;; Hardware stack levels required when called:    2
  1174 ;; This function calls:
  1175 ;;		_I2C_Slave_Init
  1176 ;; This function is called by:
  1177 ;;		_main
  1178 ;; This function uses a non-reentrant model
  1179 ;;
  1180                           
  1181                           
  1182                           ;psect for function _init
  1183  01EA                     _init:	
  1184  01EA                     l778:	
  1185                           ;incstack = 0
  1186                           ; Regs used in _init: [wreg+status,2+status,0+pclath+cstack]
  1187                           
  1188                           
  1189                           ;Stepper_Motor.c: 148:     TRISA = 0;
  1190  01EA  1683               	bsf	3,5	;RP0=1, select bank1
  1191  01EB  1303               	bcf	3,6	;RP1=0, select bank1
  1192  01EC  0185               	clrf	5	;volatile
  1193                           
  1194                           ;Stepper_Motor.c: 149:     TRISB = 0;
  1195  01ED  0186               	clrf	6	;volatile
  1196                           
  1197                           ;Stepper_Motor.c: 150:     TRISC = 0;
  1198  01EE  0187               	clrf	7	;volatile
  1199                           
  1200                           ;Stepper_Motor.c: 151:     TRISD = 0;
  1201  01EF  0188               	clrf	8	;volatile
  1202  01F0                     l780:	
  1203                           
  1204                           ;Stepper_Motor.c: 152:     TRISE = 0b00000110;
  1205  01F0  3006               	movlw	6
  1206  01F1  0089               	movwf	9	;volatile
  1207  01F2                     l782:	
  1208                           
  1209                           ;Stepper_Motor.c: 153:     ANSEL = 0;
  1210  01F2  1683               	bsf	3,5	;RP0=1, select bank3
  1211  01F3  1703               	bsf	3,6	;RP1=1, select bank3
  1212  01F4  0188               	clrf	8	;volatile
  1213  01F5                     l784:	
  1214                           
  1215                           ;Stepper_Motor.c: 154:     ANSELH = 0;
  1216  01F5  0189               	clrf	9	;volatile
  1217  01F6                     l786:	
  1218                           
  1219                           ;Stepper_Motor.c: 155:     I2C_Slave_Init(0x80);
  1220  01F6  3080               	movlw	128
  1221  01F7  120A  118A  21D0  120A  118A  	fcall	_I2C_Slave_Init
  1222  01FC                     l93:	
  1223  01FC  0008               	return
  1224  01FD                     __end_of_init:	
  1225                           
  1226                           	psect	text3
  1227  01D0                     __ptext3:	
  1228 ;; *************** function _I2C_Slave_Init *****************
  1229 ;; Defined at:
  1230 ;;		line 85 in file "I2C.c"
  1231 ;; Parameters:    Size  Location     Type
  1232 ;;  address         1    wreg     unsigned char 
  1233 ;; Auto vars:     Size  Location     Type
  1234 ;;  address         1    3[COMMON] unsigned char 
  1235 ;; Return value:  Size  Location     Type
  1236 ;;                  1    wreg      void 
  1237 ;; Registers used:
  1238 ;;		wreg
  1239 ;; Tracked objects:
  1240 ;;		On entry : 0/0
  1241 ;;		On exit  : 0/0
  1242 ;;		Unchanged: 0/0
  1243 ;; Data sizes:     COMMON   BANK0   BANK1   BANK3   BANK2
  1244 ;;      Params:         0       0       0       0       0
  1245 ;;      Locals:         1       0       0       0       0
  1246 ;;      Temps:          0       0       0       0       0
  1247 ;;      Totals:         1       0       0       0       0
  1248 ;;Total ram usage:        1 bytes
  1249 ;; Hardware stack levels used:    1
  1250 ;; Hardware stack levels required when called:    1
  1251 ;; This function calls:
  1252 ;;		Nothing
  1253 ;; This function is called by:
  1254 ;;		_init
  1255 ;; This function uses a non-reentrant model
  1256 ;;
  1257                           
  1258                           
  1259                           ;psect for function _I2C_Slave_Init
  1260  01D0                     _I2C_Slave_Init:	
  1261                           
  1262                           ;incstack = 0
  1263                           ; Regs used in _I2C_Slave_Init: [wreg]
  1264                           ;I2C_Slave_Init@address stored from wreg
  1265  01D0  00F3               	movwf	I2C_Slave_Init@address
  1266  01D1                     l754:	
  1267                           
  1268                           ;I2C.c: 85: void I2C_Slave_Init(uint8_t address);I2C.c: 86: {;I2C.c: 87:     SSPADD = ad
      +                          dress;
  1269  01D1  0873               	movf	I2C_Slave_Init@address,w
  1270  01D2  1683               	bsf	3,5	;RP0=1, select bank1
  1271  01D3  1303               	bcf	3,6	;RP1=0, select bank1
  1272  01D4  0093               	movwf	19	;volatile
  1273                           
  1274                           ;I2C.c: 88:     SSPCON = 0x36;
  1275  01D5  3036               	movlw	54
  1276  01D6  1283               	bcf	3,5	;RP0=0, select bank0
  1277  01D7  1303               	bcf	3,6	;RP1=0, select bank0
  1278  01D8  0094               	movwf	20	;volatile
  1279                           
  1280                           ;I2C.c: 89:     SSPSTAT = 0x80;
  1281  01D9  3080               	movlw	128
  1282  01DA  1683               	bsf	3,5	;RP0=1, select bank1
  1283  01DB  1303               	bcf	3,6	;RP1=0, select bank1
  1284  01DC  0094               	movwf	20	;volatile
  1285                           
  1286                           ;I2C.c: 90:     SSPCON2 = 0x01;
  1287  01DD  3001               	movlw	1
  1288  01DE  0091               	movwf	17	;volatile
  1289  01DF                     l756:	
  1290                           
  1291                           ;I2C.c: 91:     TRISC3 = 1;
  1292  01DF  1587               	bsf	7,3	;volatile
  1293  01E0                     l758:	
  1294                           
  1295                           ;I2C.c: 92:     TRISC4 = 1;
  1296  01E0  1607               	bsf	7,4	;volatile
  1297  01E1                     l760:	
  1298                           
  1299                           ;I2C.c: 93:     GIE = 1;
  1300  01E1  178B               	bsf	11,7	;volatile
  1301  01E2                     l762:	
  1302                           
  1303                           ;I2C.c: 94:     PEIE = 1;
  1304  01E2  170B               	bsf	11,6	;volatile
  1305  01E3                     l764:	
  1306                           
  1307                           ;I2C.c: 95:     SSPIF = 0;
  1308  01E3  1283               	bcf	3,5	;RP0=0, select bank0
  1309  01E4  1303               	bcf	3,6	;RP1=0, select bank0
  1310  01E5  118C               	bcf	12,3	;volatile
  1311  01E6                     l766:	
  1312                           
  1313                           ;I2C.c: 96:     SSPIE = 1;
  1314  01E6  1683               	bsf	3,5	;RP0=1, select bank1
  1315  01E7  1303               	bcf	3,6	;RP1=0, select bank1
  1316  01E8  158C               	bsf	12,3	;volatile
  1317  01E9                     l162:	
  1318  01E9  0008               	return
  1319  01EA                     __end_of_I2C_Slave_Init:	
  1320                           
  1321                           	psect	text4
  1322  0111                     __ptext4:	
  1323 ;; *************** function _isr *****************
  1324 ;; Defined at:
  1325 ;;		line 55 in file "Stepper_Motor.c"
  1326 ;; Parameters:    Size  Location     Type
  1327 ;;		None
  1328 ;; Auto vars:     Size  Location     Type
  1329 ;;		None
  1330 ;; Return value:  Size  Location     Type
  1331 ;;                  1    wreg      void 
  1332 ;; Registers used:
  1333 ;;		wreg
  1334 ;; Tracked objects:
  1335 ;;		On entry : 0/0
  1336 ;;		On exit  : 0/0
  1337 ;;		Unchanged: 0/0
  1338 ;; Data sizes:     COMMON   BANK0   BANK1   BANK3   BANK2
  1339 ;;      Params:         0       0       0       0       0
  1340 ;;      Locals:         0       0       0       0       0
  1341 ;;      Temps:          3       0       0       0       0
  1342 ;;      Totals:         3       0       0       0       0
  1343 ;;Total ram usage:        3 bytes
  1344 ;; Hardware stack levels used:    1
  1345 ;; This function calls:
  1346 ;;		Nothing
  1347 ;; This function is called by:
  1348 ;;		Interrupt level 1
  1349 ;; This function uses a non-reentrant model
  1350 ;;
  1351                           
  1352                           
  1353                           ;psect for function _isr
  1354  0111                     _isr:	
  1355  0111                     i1l792:	
  1356                           
  1357                           ;Stepper_Motor.c: 57:     if(PIR1bits.SSPIF == 1){
  1358  0111  1283               	bcf	3,5	;RP0=0, select bank0
  1359  0112  1303               	bcf	3,6	;RP1=0, select bank0
  1360  0113  1D8C               	btfss	12,3	;volatile
  1361  0114  2916               	goto	u3_21
  1362  0115  2917               	goto	u3_20
  1363  0116                     u3_21:	
  1364  0116  296D               	goto	i1l74
  1365  0117                     u3_20:	
  1366  0117                     i1l794:	
  1367                           
  1368                           ;Stepper_Motor.c: 59:             SSPCONbits.CKP = 0;
  1369  0117  1214               	bcf	20,4	;volatile
  1370                           
  1371                           ;Stepper_Motor.c: 61:             if ((SSPCONbits.SSPOV) || (SSPCONbits.WCOL)){
  1372  0118  1B14               	btfsc	20,6	;volatile
  1373  0119  291B               	goto	u4_21
  1374  011A  291C               	goto	u4_20
  1375  011B                     u4_21:	
  1376  011B  2920               	goto	i1l798
  1377  011C                     u4_20:	
  1378  011C                     i1l796:	
  1379  011C  1F94               	btfss	20,7	;volatile
  1380  011D  291F               	goto	u5_21
  1381  011E  2920               	goto	u5_20
  1382  011F                     u5_21:	
  1383  011F  2927               	goto	i1l806
  1384  0120                     u5_20:	
  1385  0120                     i1l798:	
  1386                           
  1387                           ;Stepper_Motor.c: 62:                 z = SSPBUF;
  1388  0120  0813               	movf	19,w	;volatile
  1389  0121  00F0               	movwf	??_isr
  1390  0122  0870               	movf	??_isr,w
  1391  0123  00FC               	movwf	_z
  1392  0124                     i1l800:	
  1393                           
  1394                           ;Stepper_Motor.c: 63:                 SSPCONbits.SSPOV = 0;
  1395  0124  1314               	bcf	20,6	;volatile
  1396  0125                     i1l802:	
  1397                           
  1398                           ;Stepper_Motor.c: 64:                 SSPCONbits.WCOL = 0;
  1399  0125  1394               	bcf	20,7	;volatile
  1400  0126                     i1l804:	
  1401                           
  1402                           ;Stepper_Motor.c: 65:                 SSPCONbits.CKP = 1;
  1403  0126  1614               	bsf	20,4	;volatile
  1404  0127                     i1l806:	
  1405                           
  1406                           ;Stepper_Motor.c: 68:             if(!SSPSTATbits.D_nA && !SSPSTATbits.R_nW) {
  1407  0127  1683               	bsf	3,5	;RP0=1, select bank1
  1408  0128  1303               	bcf	3,6	;RP1=0, select bank1
  1409  0129  1A94               	btfsc	20,5	;volatile
  1410  012A  292C               	goto	u6_21
  1411  012B  292D               	goto	u6_20
  1412  012C                     u6_21:	
  1413  012C  2949               	goto	i1l65
  1414  012D                     u6_20:	
  1415  012D                     i1l808:	
  1416  012D  1914               	btfsc	20,2	;volatile
  1417  012E  2930               	goto	u7_21
  1418  012F  2931               	goto	u7_20
  1419  0130                     u7_21:	
  1420  0130  2949               	goto	i1l65
  1421  0131                     u7_20:	
  1422  0131                     i1l810:	
  1423                           
  1424                           ;Stepper_Motor.c: 69:                 z = SSPBUF;
  1425  0131  1283               	bcf	3,5	;RP0=0, select bank0
  1426  0132  1303               	bcf	3,6	;RP1=0, select bank0
  1427  0133  0813               	movf	19,w	;volatile
  1428  0134  00F0               	movwf	??_isr
  1429  0135  0870               	movf	??_isr,w
  1430  0136  00FC               	movwf	_z
  1431  0137                     i1l812:	
  1432                           
  1433                           ;Stepper_Motor.c: 70:                 PIR1bits.SSPIF = 0;
  1434  0137  118C               	bcf	12,3	;volatile
  1435  0138                     i1l814:	
  1436                           
  1437                           ;Stepper_Motor.c: 71:                 SSPCONbits.CKP = 1;
  1438  0138  1614               	bsf	20,4	;volatile
  1439  0139                     i1l66:	
  1440                           ;Stepper_Motor.c: 72:                 while(!SSPSTATbits.BF);
  1441                           
  1442  0139  1683               	bsf	3,5	;RP0=1, select bank1
  1443  013A  1303               	bcf	3,6	;RP1=0, select bank1
  1444  013B  1C14               	btfss	20,0	;volatile
  1445  013C  293E               	goto	u8_21
  1446  013D  293F               	goto	u8_20
  1447  013E                     u8_21:	
  1448  013E  2939               	goto	i1l66
  1449  013F                     u8_20:	
  1450  013F                     i1l816:	
  1451                           
  1452                           ;Stepper_Motor.c: 73:                 PORTD = SSPBUF;
  1453  013F  1283               	bcf	3,5	;RP0=0, select bank0
  1454  0140  1303               	bcf	3,6	;RP1=0, select bank0
  1455  0141  0813               	movf	19,w	;volatile
  1456  0142  0088               	movwf	8	;volatile
  1457                           
  1458                           ;Stepper_Motor.c: 74:                 _delay((unsigned long)((250)*(8000000/4000000.0)))
      +                          ;
  1459  0143  30A6               	movlw	166
  1460  0144  00F0               	movwf	??_isr
  1461  0145                     u34_27:	
  1462  0145  0BF0               	decfsz	??_isr,f
  1463  0146  2945               	goto	u34_27
  1464  0147  0000               	nop
  1465                           
  1466                           ;Stepper_Motor.c: 76:             }else if(!SSPSTATbits.D_nA && SSPSTATbits.R_nW){
  1467  0148  296A               	goto	i1l69
  1468  0149                     i1l65:	
  1469  0149  1A94               	btfsc	20,5	;volatile
  1470  014A  294C               	goto	u9_21
  1471  014B  294D               	goto	u9_20
  1472  014C                     u9_21:	
  1473  014C  296A               	goto	i1l69
  1474  014D                     u9_20:	
  1475  014D                     i1l818:	
  1476  014D  1D14               	btfss	20,2	;volatile
  1477  014E  2950               	goto	u10_21
  1478  014F  2951               	goto	u10_20
  1479  0150                     u10_21:	
  1480  0150  296A               	goto	i1l69
  1481  0151                     u10_20:	
  1482  0151                     i1l820:	
  1483                           
  1484                           ;Stepper_Motor.c: 77:                 z = SSPBUF;
  1485  0151  1283               	bcf	3,5	;RP0=0, select bank0
  1486  0152  1303               	bcf	3,6	;RP1=0, select bank0
  1487  0153  0813               	movf	19,w	;volatile
  1488  0154  00F0               	movwf	??_isr
  1489  0155  0870               	movf	??_isr,w
  1490  0156  00FC               	movwf	_z
  1491  0157                     i1l822:	
  1492                           
  1493                           ;Stepper_Motor.c: 78:                 BF = 0;
  1494  0157  1683               	bsf	3,5	;RP0=1, select bank1
  1495  0158  1303               	bcf	3,6	;RP1=0, select bank1
  1496  0159  1014               	bcf	20,0	;volatile
  1497                           
  1498                           ;Stepper_Motor.c: 79:                 SSPBUF = estado;
  1499  015A  087B               	movf	_estado,w
  1500  015B  1283               	bcf	3,5	;RP0=0, select bank0
  1501  015C  1303               	bcf	3,6	;RP1=0, select bank0
  1502  015D  0093               	movwf	19	;volatile
  1503  015E                     i1l824:	
  1504                           
  1505                           ;Stepper_Motor.c: 80:                 SSPCONbits.CKP = 1;
  1506  015E  1614               	bsf	20,4	;volatile
  1507                           
  1508                           ;Stepper_Motor.c: 81:                 _delay((unsigned long)((250)*(8000000/4000000.0)))
      +                          ;
  1509  015F  30A6               	movlw	166
  1510  0160  00F0               	movwf	??_isr
  1511  0161                     u35_27:	
  1512  0161  0BF0               	decfsz	??_isr,f
  1513  0162  2961               	goto	u35_27
  1514  0163  0000               	nop
  1515  0164                     i1l71:	
  1516                           ;Stepper_Motor.c: 82:                 while(SSPSTATbits.BF);
  1517                           
  1518  0164  1683               	bsf	3,5	;RP0=1, select bank1
  1519  0165  1303               	bcf	3,6	;RP1=0, select bank1
  1520  0166  1814               	btfsc	20,0	;volatile
  1521  0167  2969               	goto	u11_21
  1522  0168  296A               	goto	u11_20
  1523  0169                     u11_21:	
  1524  0169  2964               	goto	i1l71
  1525  016A                     u11_20:	
  1526  016A                     i1l69:	
  1527                           
  1528                           ;Stepper_Motor.c: 85:             PIR1bits.SSPIF = 0;
  1529  016A  1283               	bcf	3,5	;RP0=0, select bank0
  1530  016B  1303               	bcf	3,6	;RP1=0, select bank0
  1531  016C  118C               	bcf	12,3	;volatile
  1532  016D                     i1l74:	
  1533  016D  0872               	movf	??_isr+2,w
  1534  016E  008A               	movwf	10
  1535  016F  0E71               	swapf	(??_isr+1)^(0+4294967168),w
  1536  0170  0083               	movwf	3
  1537  0171  0EFE               	swapf	btemp,f
  1538  0172  0E7E               	swapf	btemp,w
  1539  0173  0009               	retfie
  1540  0174                     __end_of_isr:	
  1541  007E                     btemp	set	126	;btemp
  1542  007E                     wtemp0	set	126
  1543                           
  1544                           	psect	intentry
  1545  0004                     __pintentry:	
  1546                           ;incstack = 0
  1547                           ; Regs used in _isr: [wreg]
  1548                           
  1549  0004                     interrupt_function:	
  1550  007E                     saved_w	set	btemp
  1551  0004  00FE               	movwf	btemp
  1552  0005  0E03               	swapf	3,w
  1553  0006  00F1               	movwf	??_isr+1
  1554  0007  080A               	movf	10,w
  1555  0008  00F2               	movwf	??_isr+2
  1556  0009  120A  118A  2911   	ljmp	_isr


Data Sizes:
    Strings     0
    Constant    0
    Data        0
    BSS         7
    Persistent  0
    Stack       0

Auto Spaces:
    Space          Size  Autos    Used
    COMMON           14      8      13
    BANK0            80      0       2
    BANK1            80      0       0
    BANK3            96      0       0
    BANK2            96      0       0

Pointer List with Targets:

    None.

Critical Paths under _main in COMMON

    _main->_initOsc
    _init->_I2C_Slave_Init

Critical Paths under _isr in COMMON

    None.

Critical Paths under _main in BANK0

    None.

Critical Paths under _isr in BANK0

    None.

Critical Paths under _main in BANK1

    None.

Critical Paths under _isr in BANK1

    None.

Critical Paths under _main in BANK3

    None.

Critical Paths under _isr in BANK3

    None.

Critical Paths under _main in BANK2

    None.

Critical Paths under _isr in BANK2

    None.

Call Graph Tables:

 ---------------------------------------------------------------------------------
 (Depth) Function   	        Calls       Base Space   Used Autos Params    Refs
 ---------------------------------------------------------------------------------
 (0) _main                                                 2     2      0      30
                                              6 COMMON     2     2      0
                               _init
                            _initOsc
 ---------------------------------------------------------------------------------
 (1) _initOsc                                              3     3      0      15
                                              3 COMMON     3     3      0
 ---------------------------------------------------------------------------------
 (1) _init                                                 0     0      0      15
                     _I2C_Slave_Init
 ---------------------------------------------------------------------------------
 (2) _I2C_Slave_Init                                       1     1      0      15
                                              3 COMMON     1     1      0
 ---------------------------------------------------------------------------------
 Estimated maximum stack depth 2
 ---------------------------------------------------------------------------------
 (Depth) Function   	        Calls       Base Space   Used Autos Params    Refs
 ---------------------------------------------------------------------------------
 (3) _isr                                                  3     3      0       0
                                              0 COMMON     3     3      0
 ---------------------------------------------------------------------------------
 Estimated maximum stack depth 3
 ---------------------------------------------------------------------------------

 Call Graph Graphs:

 _main (ROOT)
   _init
     _I2C_Slave_Init
   _initOsc

 _isr (ROOT)

 Address spaces:
Name               Size   Autos  Total    Cost      Usage
BITCOMMON            E      0       0       0        0.0%
EEDATA             100      0       0       0        0.0%
NULL                 0      0       0       0        0.0%
CODE                 0      0       0       0        0.0%
COMMON               E      8       D       1       92.9%
BITSFR0              0      0       0       1        0.0%
SFR0                 0      0       0       1        0.0%
BITSFR1              0      0       0       2        0.0%
SFR1                 0      0       0       2        0.0%
STACK                0      0       0       2        0.0%
ABS                  0      0       F       3        0.0%
BITBANK0            50      0       0       4        0.0%
BITSFR3              0      0       0       4        0.0%
SFR3                 0      0       0       4        0.0%
BANK0               50      0       2       5        2.5%
BITSFR2              0      0       0       5        0.0%
SFR2                 0      0       0       5        0.0%
BITBANK1            50      0       0       6        0.0%
BANK1               50      0       0       7        0.0%
BITBANK3            60      0       0       8        0.0%
BANK3               60      0       0       9        0.0%
BITBANK2            60      0       0      10        0.0%
BANK2               60      0       0      11        0.0%
DATA                 0      0       F      12        0.0%


Microchip Technology PIC Macro Assembler V2.10 build 88905656 
Symbol Table                                                                                   Sat Mar 14 00:24:35 2020

                       _j 0078                         _k 0079                         _z 007C  
             __CFG_CP$OFF 0000               _SSPSTATbits 0094                        _BF 04A0  
                      l80 010C                        l81 0092                        l93 01FC  
                      l99 0176                       l100 01CE                       l101 017C  
                     l102 0182                       l103 0188                       l104 018E  
                     l105 0194                       l106 019A                       l107 01A0  
                     l108 01A6                       l109 01CF                       l162 01E9  
                     l830 0027                       l760 01E1                       l840 0034  
                     l832 002A                       l762 01E2                       l754 01D1  
                     l850 0088                       l842 0039                       l834 002B  
                     l826 001C                       l764 01E3                       l756 01DF  
                     l780 01F0                       l772 01AC                       l860 0099  
                     l852 008C                       l836 002C                       l828 0022  
                     l766 01E6                       l758 01E0                       l782 01F2  
                     l862 0101                       l854 0098                       l838 002D  
                     l784 01F5                       l928 01B4                       l768 0175  
                     l864 0105                       l848 003A                       l786 01F6  
                     l778 01EA                       _GIE 005F                       u120 0034  
                     u121 0033                       u130 0039                       u131 0038  
                     u140 0092                       u141 0091                       u150 0098  
                     u151 0097                       u207 0042                       u160 010B  
                     u161 010A                       u217 004F                       u307 00D5  
                     u227 005C                       u317 00E2                       u237 0069  
                     u327 00EF                       u247 0076                       u337 00FC  
                     u257 0083              __CFG_CPD$OFF 0000                       u267 00A1  
                     u277 00AE                       u287 00BB                       u297 00C8  
                     _isr 0111              __CFG_LVP$OFF 0000                      ?_isr 0070  
                    _PEIE 005E                      i1l71 0164                      i1l65 0149  
                    i1l66 0139                      i1l74 016D                      i1l69 016A  
                    u3_20 0117                      u3_21 0116                      u4_20 011C  
                    u4_21 011B                      u5_20 0120                      u5_21 011F  
                    u6_20 012D                      u6_21 012C                      u7_20 0131  
                    u7_21 0130                      u8_20 013F                      u8_21 013E  
                    u9_20 014D                      u9_21 014C              __CFG_WRT$OFF 0000  
                    _main 001C                      _init 01EA                      btemp 007E  
                    start 000C             __CFG_IESO$OFF 0000                     ??_isr 0070  
                   ?_main 0070                     ?_init 0070             __CFG_WDTE$OFF 0000  
                   _ANSEL 0188                     i1l800 0124                     i1l810 0131  
                   i1l802 0125                     i1l820 0151                     i1l812 0137  
                   i1l804 0126                     i1l822 0157                     i1l814 0138  
                   i1l806 0127                     i1l824 015E                     i1l816 013F  
                   i1l808 012D                     i1l818 014D                     i1l792 0111  
                   i1l794 0117                     i1l796 011C                     i1l798 0120  
                   u10_20 0151                     u10_21 0150                     u11_20 016A  
                   u11_21 0169                     u34_27 0145                     _PORTA 0005  
                   _PORTB 0006                     _PORTC 0007                     _PORTD 0008  
                   u35_27 0161                     _TRISA 0085                     _TRISB 0086  
                   _TRISC 0087                     _TRISD 0088                     _SSPIE 0463  
                   _TRISE 0089                     _SSPIF 0063            __CFG_FCMEN$OFF 0000  
         __end_of_initOsc 01D0            __CFG_BOREN$OFF 0000                     pclath 000A  
                   status 0003                     wtemp0 007E            __CFG_MCLRE$OFF 0000  
         __initialization 000F              __end_of_main 0111              __end_of_init 01FD  
                  ??_main 0076                    ??_init 0074                    _ANSELH 0189  
             initOsc@frec 0075                    _SSPADD 0093                    _TRISC3 043B  
                  _TRISC4 043C                    _SSPBUF 0013                    _SSPCON 0014  
          __CFG_PWRTE$OFF 0000                    _estado 007B                 ??_initOsc 0073  
                  saved_w 007E   __end_of__initialization 0018            __pcstackCOMMON 0070  
 __size_of_I2C_Slave_Init 001A     I2C_Slave_Init@address 0073                __pbssBANK0 0020  
              __pmaintext 001C                __pintentry 0004                   _SSPCON2 0091  
                 _SSPSTAT 0094                   __ptext1 0174                   __ptext2 01EA  
                 __ptext3 01D0                   __ptext4 0111                   _initOsc 0174  
            __size_of_isr 0063      end_of_initialization 0018                _move_servo 0020  
          _I2C_Slave_Init 01D0                 _PORTBbits 0006                 _PORTEbits 0009  
               _TRISCbits 0087    __end_of_I2C_Slave_Init 01EA       start_initialization 000F  
             __end_of_isr 0174  __CFG_FOSC$INTRC_NOCLKOUT 0000           ?_I2C_Slave_Init 0070  
             __pbssCOMMON 0078                 ___latbits 0002                  ?_initOsc 0070  
       interrupt_function 0004                  _PIR1bits 000C          __size_of_initOsc 005C  
           _sensor_signal 007A         __CFG_BOR4V$BOR40V 0000          ??_I2C_Slave_Init 0073  
           __size_of_main 00F5             __size_of_init 0013                  intlevel1 0000  
              _OSCCONbits 008F               _SSPCON2bits 0091                _SSPCONbits 0014  
